#
# There is insufficient memory for the Java Runtime Environment to continue.
# Native memory allocation (mmap) failed to map 266338304 bytes for G1 virtual space
# Possible reasons:
#   The system is out of physical RAM or swap space
#   The process is running with CompressedOops enabled, and the Java Heap may be blocking the growth of the native heap
# Possible solutions:
#   Reduce memory load on the system
#   Increase physical memory or swap space
#   Check if swap backing store is full
#   Decrease Java heap size (-Xmx/-Xms)
#   Decrease number of Java threads
#   Decrease Java thread stack sizes (-Xss)
#   Set larger code cache with -XX:ReservedCodeCacheSize=
#   JVM is running with Zero Based Compressed Oops mode in which the Java heap is
#     placed in the first 32GB address space. The Java Heap base address is the
#     maximum limit for the native heap growth. Please use -XX:HeapBaseMinAddress
#     to set the Java Heap base and to place the Java Heap above 32GB virtual address.
# This output file may be truncated or incomplete.
#
#  Out of Memory Error (os_windows.cpp:3600), pid=36604, tid=29352
#
# JRE version:  (21.0.2+13) (build )
# Java VM: Java HotSpot(TM) 64-Bit Server VM (21.0.2+13-LTS-58, mixed mode, sharing, tiered, compressed oops, compressed class ptrs, g1 gc, windows-amd64)
# No core dump will be written. Minidumps are not enabled by default on client versions of Windows
#

---------------  S U M M A R Y ------------

Command Line: -Dfile.encoding=UTF-8 --module-path=F:\JAVA PROJECTS\Bank Management System\build\classes bank.management.system.Login

Host: 11th Gen Intel(R) Core(TM) i7-1165G7 @ 2.80GHz, 8 cores, 15G,  Windows 11 , 64 bit Build 22621 (10.0.22621.2506)
Time: Sun Feb 18 00:56:44 2024 India Standard Time elapsed time: 0.027727 seconds (0d 0h 0m 0s)

---------------  T H R E A D  ---------------

Current thread (0x000001a4db468970):  JavaThread "Unknown thread" [_thread_in_vm, id=29352, stack(0x0000001fe7900000,0x0000001fe7a00000) (1024K)]

Stack: [0x0000001fe7900000,0x0000001fe7a00000]
Native frames: (J=compiled Java code, j=interpreted, Vv=VM code, C=native code)
V  [jvm.dll+0x6cade9]
V  [jvm.dll+0x8569c1]
V  [jvm.dll+0x858d2e]
V  [jvm.dll+0x859413]
V  [jvm.dll+0x280e56]
V  [jvm.dll+0x6c74d5]
V  [jvm.dll+0x6bbeca]
V  [jvm.dll+0x355bca]
V  [jvm.dll+0x35d816]
V  [jvm.dll+0x3ae67e]
V  [jvm.dll+0x3ae928]
V  [jvm.dll+0x3295dc]
V  [jvm.dll+0x32a16b]
V  [jvm.dll+0x81efa9]
V  [jvm.dll+0x3bba01]
V  [jvm.dll+0x807928]
V  [jvm.dll+0x44f50e]
V  [jvm.dll+0x450e11]
C  [jli.dll+0x52a3]
C  [ucrtbase.dll+0x29363]
C  [KERNEL32.DLL+0x1257d]
C  [ntdll.dll+0x5aa58]


---------------  P R O C E S S  ---------------

Threads class SMR info:
_java_thread_list=0x00007fffd96abb88, length=0, elements={
}

Java Threads: ( => current thread )
Total: 0

Other Threads:
  0x000001a4dd75fe50 WorkerThread "GC Thread#0"                     [id=32672, stack(0x0000001fe7a00000,0x0000001fe7b00000) (1024K)]
  0x000001a4dd771140 ConcurrentGCThread "G1 Main Marker"            [id=17592, stack(0x0000001fe7b00000,0x0000001fe7c00000) (1024K)]
  0x000001a4dd772af0 WorkerThread "G1 Conc#0"                       [id=4792, stack(0x0000001fe7c00000,0x0000001fe7d00000) (1024K)]

[error occurred during error reporting (printing all threads), id 0xc0000005, EXCEPTION_ACCESS_VIOLATION (0xc0000005) at pc=0x00007fffd8e1c6a7]
VM state: not at safepoint (not fully initialized)

VM Mutex/Monitor currently owned by a thread:  ([mutex/lock_event])
[0x00007fffd971ce68] Heap_lock - owner thread: 0x000001a4db468970

Heap address: 0x0000000703a00000, size: 4038 MB, Compressed Oops mode: Zero based, Oop shift amount: 3

CDS archive(s) mapped at: [0x0000000000000000-0x0000000000000000-0x0000000000000000), size 0, SharedBaseAddress: 0x0000000800000000, ArchiveRelocationMode: 1.
Narrow klass base: 0x0000000000000000, Narrow klass shift: 0, Narrow klass range: 0x0

GC Precious Log:
 CardTable entry size: 512
 Card Set container configuration: InlinePtr #cards 4 size 8 Array Of Cards #cards 16 size 48 Howl #buckets 8 coarsen threshold 3686 Howl Bitmap #cards 512 size 80 coarsen threshold 460 Card regions per heap region 1 cards per card region 4096

Heap:
 garbage-first heap   total 0K, used 0K [0x0000000703a00000, 0x0000000800000000)
  region size 2048K, 0 young (0K), 0 survivors (0K)

[error occurred during error reporting (printing heap information), id 0xc0000005, EXCEPTION_ACCESS_VIOLATION (0xc0000005) at pc=0x00007fffd92039f9]
GC Heap History (0 events):
No events

Dll operation events (1 events):
Event: 0.013 Loaded shared library C:\Program Files\Java\jdk-21\bin\java.dll

Deoptimization events (0 events):
No events

Classes loaded (0 events):
No events

Classes unloaded (0 events):
No events

Classes redefined (0 events):
No events

Internal exceptions (0 events):
No events

ZGC Phase Switch (0 events):
No events

VM Operations (0 events):
No events

Events (0 events):
No events


Dynamic libraries:
0x00007ff6044a0000 - 0x00007ff6044b0000 	C:\Program Files\Java\jdk-21\bin\java.exe
0x00007ff87e690000 - 0x00007ff87e8a7000 	C:\WINDOWS\SYSTEM32\ntdll.dll
0x00007ff87ca10000 - 0x00007ff87cad4000 	C:\WINDOWS\System32\KERNEL32.DLL
0x00007ff87bea0000 - 0x00007ff87c246000 	C:\WINDOWS\System32\KERNELBASE.dll
0x00007ff87c2c0000 - 0x00007ff87c3d1000 	C:\WINDOWS\System32\ucrtbase.dll
0x00007ff863d70000 - 0x00007ff863d8b000 	C:\Program Files\Java\jdk-21\bin\VCRUNTIME140.dll
0x00007ff870070000 - 0x00007ff870089000 	C:\Program Files\Java\jdk-21\bin\jli.dll
0x00007ff87ddc0000 - 0x00007ff87de73000 	C:\WINDOWS\System32\ADVAPI32.dll
0x00007ff87df60000 - 0x00007ff87e007000 	C:\WINDOWS\System32\msvcrt.dll
0x00007ff87d100000 - 0x00007ff87d1a8000 	C:\WINDOWS\System32\sechost.dll
0x00007ff87be40000 - 0x00007ff87be68000 	C:\WINDOWS\System32\bcrypt.dll
0x00007ff87cde0000 - 0x00007ff87cef7000 	C:\WINDOWS\System32\RPCRT4.dll
0x00007ff87dbe0000 - 0x00007ff87dd8e000 	C:\WINDOWS\System32\USER32.dll
0x00007ff87be70000 - 0x00007ff87be96000 	C:\WINDOWS\System32\win32u.dll
0x00007ff87dd90000 - 0x00007ff87ddb9000 	C:\WINDOWS\System32\GDI32.dll
0x00007ff85d9c0000 - 0x00007ff85dc53000 	C:\WINDOWS\WinSxS\amd64_microsoft.windows.common-controls_6595b64144ccf1df_6.0.22621.2506_none_270c5ae97388e100\COMCTL32.dll
0x00007ff87bbc0000 - 0x00007ff87bcd8000 	C:\WINDOWS\System32\gdi32full.dll
0x00007ff87bda0000 - 0x00007ff87be3a000 	C:\WINDOWS\System32\msvcp_win.dll
0x00007ff874100000 - 0x00007ff87410a000 	C:\WINDOWS\SYSTEM32\VERSION.dll
0x00007ff87cae0000 - 0x00007ff87cb11000 	C:\WINDOWS\System32\IMM32.DLL
0x00007ff8768c0000 - 0x00007ff8768cc000 	C:\Program Files\Java\jdk-21\bin\vcruntime140_1.dll
0x00007fffe4930000 - 0x00007fffe49be000 	C:\Program Files\Java\jdk-21\bin\msvcp140.dll
0x00007fffd8ae0000 - 0x00007fffd97f7000 	C:\Program Files\Java\jdk-21\bin\server\jvm.dll
0x00007ff87d050000 - 0x00007ff87d0c1000 	C:\WINDOWS\System32\WS2_32.dll
0x00007ff871030000 - 0x00007ff871064000 	C:\WINDOWS\SYSTEM32\WINMM.dll
0x00007ff87a850000 - 0x00007ff87a89d000 	C:\WINDOWS\SYSTEM32\POWRPROF.dll
0x00007ff87a830000 - 0x00007ff87a843000 	C:\WINDOWS\SYSTEM32\UMPDC.dll
0x00007ff87aaf0000 - 0x00007ff87ab08000 	C:\WINDOWS\SYSTEM32\kernel.appcore.dll
0x00007ff8745b0000 - 0x00007ff8745ba000 	C:\Program Files\Java\jdk-21\bin\jimage.dll
0x00007ff878f20000 - 0x00007ff879153000 	C:\WINDOWS\SYSTEM32\DBGHELP.DLL
0x00007ff87e0e0000 - 0x00007ff87e469000 	C:\WINDOWS\System32\combase.dll
0x00007ff87e470000 - 0x00007ff87e547000 	C:\WINDOWS\System32\OLEAUT32.dll
0x00007ff846140000 - 0x00007ff846172000 	C:\WINDOWS\SYSTEM32\dbgcore.DLL
0x00007ff87b9d0000 - 0x00007ff87ba4a000 	C:\WINDOWS\System32\bcryptPrimitives.dll
0x00007ff862a70000 - 0x00007ff862a8f000 	C:\Program Files\Java\jdk-21\bin\java.dll

dbghelp: loaded successfully - version: 4.0.5 - missing functions: none
symbol engine: initialized successfully - sym options: 0x614 - pdb path: .;C:\Program Files\Java\jdk-21\bin;C:\WINDOWS\SYSTEM32;C:\WINDOWS\WinSxS\amd64_microsoft.windows.common-controls_6595b64144ccf1df_6.0.22621.2506_none_270c5ae97388e100;C:\Program Files\Java\jdk-21\bin\server

VM Arguments:
jvm_args: -Dfile.encoding=UTF-8 --module-path=F:\JAVA PROJECTS\Bank Management System\build\classes 
java_command: bank.management.system.Login
java_class_path (initial): F:\JAVA PROJECTS\Bank Management System\build\classes
Launcher Type: SUN_STANDARD

[Global flags]
     intx CICompilerCount                          = 4                                         {product} {ergonomic}
     uint ConcGCThreads                            = 2                                         {product} {ergonomic}
     uint G1ConcRefinementThreads                  = 8                                         {product} {ergonomic}
   size_t G1HeapRegionSize                         = 2097152                                   {product} {ergonomic}
    uintx GCDrainStackTargetSize                   = 64                                        {product} {ergonomic}
   size_t InitialHeapSize                          = 266338304                                 {product} {ergonomic}
   size_t MarkStackSize                            = 4194304                                   {product} {ergonomic}
   size_t MaxHeapSize                              = 4234149888                                {product} {ergonomic}
   size_t MinHeapDeltaBytes                        = 2097152                                   {product} {ergonomic}
   size_t MinHeapSize                              = 8388608                                   {product} {ergonomic}
    uintx NonNMethodCodeHeapSize                   = 5839372                                {pd product} {ergonomic}
    uintx NonProfiledCodeHeapSize                  = 122909434                              {pd product} {ergonomic}
    uintx ProfiledCodeHeapSize                     = 122909434                              {pd product} {ergonomic}
    uintx ReservedCodeCacheSize                    = 251658240                              {pd product} {ergonomic}
     bool SegmentedCodeCache                       = true                                      {product} {ergonomic}
   size_t SoftMaxHeapSize                          = 4234149888                             {manageable} {ergonomic}
     bool UseCompressedOops                        = true                           {product lp64_product} {ergonomic}
     bool UseG1GC                                  = true                                      {product} {ergonomic}
     bool UseLargePagesIndividualAllocation        = false                                  {pd product} {ergonomic}

Logging:
Log output configuration:
 #0: stdout all=warning uptime,level,tags foldmultilines=false
 #1: stderr all=off uptime,level,tags foldmultilines=false

Environment Variables:
PATH=C:\Program Files\Common Files\Oracle\Java\javapath;F:\oracle\product\10.2.0\db_6\bin;F:\oracle\product\10.2.0\db_1\bin;C:\Program Files (x86)\Common Files\Oracle\Java\javapath;C:\phython310\Scripts\;C:\phython310\;C:\WINDOWS\system32;C:\WINDOWS;C:\WINDOWS\System32\Wbem;C:\WINDOWS\System32\WindowsPowerShell\v1.0\;C:\WINDOWS\System32\OpenSSH\;C:\ProgramData\chocolatey\bin;C:\Program Files\Git\cmd;C:\Program Files\Java\jdk-1.8\bin;C:\Program Files\Java\jdk-21\bin;C:\Program Files\Microsoft SQL Server\150\Tools\Binn\;C:\Program Files\Microsoft SQL Server\Client SDK\ODBC\170\Tools\Binn\;C:\Program Files\dotnet\;C:\Program Files\MySQL\MySQL Shell 8.3\bin\;C:\Users\Hp\AppData\Local\Microsoft\WindowsApps;C:\Program Files\MongoDB\Server\5.0\bin;C:\Windows\System32\cmd.exe;C:\Program Files (x86)\MinGW\bin;C:\Program Files\Java\jdk-17.0.1\bin;C:\Program Files\JetBrains\IntelliJ IDEA Community Edition 2022.3\bin;;C:\Users\Hp\AppData\Local\GitHubDesktop\bin;C:\Users\Hp\.dotnet\tools
USERNAME=Hp
OS=Windows_NT
PROCESSOR_IDENTIFIER=Intel64 Family 6 Model 140 Stepping 1, GenuineIntel
TMP=C:\Users\Hp\AppData\Local\Temp
TEMP=C:\Users\Hp\AppData\Local\Temp




Periodic native trim disabled

---------------  S Y S T E M  ---------------

OS:
 Windows 11 , 64 bit Build 22621 (10.0.22621.2506)
OS uptime: 2 days 13:43 hours

CPU: total 8 (initial active 8) (4 cores per cpu, 2 threads per core) family 6 model 140 stepping 1 microcode 0x9a, cx8, cmov, fxsr, ht, mmx, 3dnowpref, sse, sse2, sse3, ssse3, sse4.1, sse4.2, popcnt, lzcnt, tsc, tscinvbit, avx, avx2, aes, erms, clmul, bmi1, bmi2, adx, avx512f, avx512dq, avx512cd, avx512bw, avx512vl, sha, fma, vzeroupper, avx512_vpopcntdq, avx512_vpclmulqdq, avx512_vaes, avx512_vnni, clflush, clflushopt, clwb, avx512_vbmi2, avx512_vbmi, rdtscp, rdpid, fsrm, gfni, avx512_bitalg, f16c, pku, cet_ibt, cet_ss, avx512_ifma
Processor Information for processor 0
  Max Mhz: 2803, Current Mhz: 2803, Mhz Limit: 2803
Processor Information for processor 1
  Max Mhz: 2803, Current Mhz: 1001, Mhz Limit: 2803
Processor Information for processor 2
  Max Mhz: 2803, Current Mhz: 2803, Mhz Limit: 2803
Processor Information for processor 3
  Max Mhz: 2803, Current Mhz: 2803, Mhz Limit: 2803
Processor Information for processor 4
  Max Mhz: 2803, Current Mhz: 2803, Mhz Limit: 2803
Processor Information for processor 5
  Max Mhz: 2803, Current Mhz: 2803, Mhz Limit: 2803
Processor Information for processor 6
  Max Mhz: 2803, Current Mhz: 1001, Mhz Limit: 2803
Processor Information for processor 7
  Max Mhz: 2803, Current Mhz: 2803, Mhz Limit: 2803

Memory: 4k page, system-wide physical 16151M (3096M free)
TotalPageFile size 35848M (AvailPageFile size 99M)
current process WorkingSet (physical memory assigned to process): 11M, peak: 11M
current process commit charge ("private bytes"): 60M, peak: 314M

vm_info: Java HotSpot(TM) 64-Bit Server VM (21.0.2+13-LTS-58) for windows-amd64 JRE (21.0.2+13-LTS-58), built on 2024-01-05T18:32:24Z by "mach5one" with MS VC++ 17.1 (VS2022)

END.
